[NX Daemon Server] - 2024-05-08T13:44:28.126Z - Started listening on: /var/folders/sc/hn4x06p16vl_0bk6tg6vc98w0000gn/T/e4f03fb3c6b272fb3319/d.sock
[NX Daemon Server] - 2024-05-08T13:44:28.133Z - [WATCHER]: Subscribed to changes within: /Users/roberthogan/github/nx-monorepo (native)
[NX Daemon Server] - 2024-05-08T13:44:28.138Z - Established a connection. Number of open connections: 1
[NX Daemon Server] - 2024-05-08T13:44:28.140Z - Established a connection. Number of open connections: 2
[NX Daemon Server] - 2024-05-08T13:44:28.144Z - Closed a connection. Number of open connections: 1
[NX Daemon Server] - 2024-05-08T13:44:28.145Z - [REQUEST]: Client Request for Project Graph Received
[NX Daemon Server] - 2024-05-08T13:44:28.283Z - [REQUEST]: Updated workspace context based on watched changes, recomputing project graph...
[NX Daemon Server] - 2024-05-08T13:44:28.283Z - [REQUEST]: 
[NX Daemon Server] - 2024-05-08T13:44:28.283Z - [REQUEST]: 
[NX Daemon Server] - 2024-05-08T13:44:34.820Z - [REQUEST]: Responding to the client. project-graph
[NX Daemon Server] - 2024-05-08T13:44:34.824Z - Time taken for 'total for creating and serializing project graph' 6674.69359099865ms
[NX Daemon Server] - 2024-05-08T13:44:34.836Z - Done responding to the client project-graph
[NX Daemon Server] - 2024-05-08T13:44:34.836Z - Handled REQUEST_PROJECT_GRAPH. Handling time: 6675. Response time: 16.
[NX Daemon Server] - 2024-05-08T13:44:34.856Z - Closed a connection. Number of open connections: 0
[NX Daemon Server] - 2024-05-08T13:45:59.450Z - Established a connection. Number of open connections: 1
[NX Daemon Server] - 2024-05-08T13:45:59.452Z - Closed a connection. Number of open connections: 0
[NX Daemon Server] - 2024-05-08T13:45:59.453Z - Established a connection. Number of open connections: 1
[NX Daemon Server] - 2024-05-08T13:45:59.455Z - [REQUEST]: Client Request for Project Graph Received
[NX Daemon Server] - 2024-05-08T13:45:59.456Z - [REQUEST]: Responding to the client. project-graph
[NX Daemon Server] - 2024-05-08T13:45:59.458Z - Time taken for 'total for creating and serializing project graph' 0.396698996424675ms
[NX Daemon Server] - 2024-05-08T13:45:59.463Z - Done responding to the client project-graph
[NX Daemon Server] - 2024-05-08T13:45:59.463Z - Handled REQUEST_PROJECT_GRAPH. Handling time: 1. Response time: 7.
[NX Daemon Server] - 2024-05-08T13:46:00.117Z - [REQUEST]: Responding to the client. handleHashTasks
[NX Daemon Server] - 2024-05-08T13:46:00.118Z - Done responding to the client handleHashTasks
[NX Daemon Server] - 2024-05-08T13:46:00.118Z - Handled HASH_TASKS. Handling time: 30. Response time: 1.
[NX Daemon Server] - 2024-05-08T13:46:05.004Z - [WATCHER]: Processing file changes in outputs
[NX Daemon Server] - 2024-05-08T13:46:05.315Z - [WATCHER]: Processing file changes in outputs
[NX Daemon Server] - 2024-05-08T13:46:05.432Z - [WATCHER]: Processing file changes in outputs
[NX Daemon Server] - 2024-05-08T13:46:05.521Z - [WATCHER]: Processing file changes in outputs
[NX Daemon Server] - 2024-05-08T13:46:06.065Z - [WATCHER]: Processing file changes in outputs
[NX Daemon Server] - 2024-05-08T13:46:16.339Z - [WATCHER]: Processing file changes in outputs
[NX Daemon Server] - 2024-05-08T13:46:16.456Z - [REQUEST]: Responding to the client. recordOutputsHash
[NX Daemon Server] - 2024-05-08T13:46:16.456Z - Done responding to the client recordOutputsHash
[NX Daemon Server] - 2024-05-08T13:46:16.456Z - Handled RECORD_OUTPUTS_HASH. Handling time: 2. Response time: 0.
[NX Daemon Server] - 2024-05-08T13:46:16.511Z - [WATCHER]: Processing file changes in outputs
[NX Daemon Server] - 2024-05-08T13:46:17.785Z - Closed a connection. Number of open connections: 0
